make all --print-data-base --no-builtin-variables --no-builtin-rules --question
# GNU Make 4.3
# Built for aarch64-unknown-linux-gnu
# Copyright (C) 1988-2020 Free Software Foundation, Inc.
# License GPLv3+: GNU GPL version 3 or later <http://gnu.org/licenses/gpl.html>
# This is free software: you are free to change and redistribute it.
# There is NO WARRANTY, to the extent permitted by law.

# Make data base, printed on Fri Aug  5 11:07:38 2022

# Variables

# environment
GDK_BACKEND = x11
# environment
LC_ALL = C
# environment
VSCODE_CWD = /home/dan
# environment
GPG_TTY = not a tty
# environment
WAYLAND_DISPLAY_LOW_DENSITY = wayland-1
# environment
LESS_TERMCAP_me = [0m
# default
MAKE_COMMAND := make
# environment
QT_ACCESSIBILITY = 1
# environment
GOPATH = /home/dan/.go/
# automatic
@D = $(patsubst %/,%,$(dir $@))
# environment
CLOUDSDK_METRICS_ENVIRONMENT_VERSION = 1.19.0
# environment
VSCODE_HANDLES_UNCAUGHT_ERRORS = true
# default
.VARIABLES := 
# environment
PWD = /home/dan/Code/api.hello-world.sh
# automatic
%D = $(patsubst %/,%,$(dir $%))
# environment
define PS1
\[\e[0m\]\[\e[33m\]$(user_name)\[\e[0m\] @ \[\e[32m\]$(user_domain)\[\e[0m\] -> \[\e[31m\]$(project_name)\[\e[0m\] : \[\e[34m\]$(run_region)
 \[\e[36m\]$(path_name) \[\e[0m\]\[\e[35m\]$(branch_name) \[\e[m\]$ 
endef
# environment
XDG_DATA_DIRS = /home/dan/.local/share:/home/dan/.local/share/flatpak/exports/share:/var/lib/flatpak/exports/share:/usr/local/share:/usr/share
# automatic
^D = $(patsubst %/,%,$(dir $^))
# automatic
%F = $(notdir $%)
# environment
VSCODE_CODE_CACHE_PATH = /home/dan/.config/Code/CachedData/3b889b090b5ad5793f524b5d1d39fda662b96a2a
# environment
LANG = C
# default
.LOADED := 
# environment
LESS_TERMCAP_md = [01;33m
# default
.INCLUDE_DIRS = /usr/local/include /usr/include /usr/include
# makefile
MAKEFLAGS = pqrR
# environment
LESS_TERMCAP_so = [01;42;30m
# makefile
CURDIR := /home/dan/Code/api.hello-world.sh
# environment
APPLICATION_INSIGHTS_NO_DIAGNOSTIC_CHANNEL = 1
# automatic
*D = $(patsubst %/,%,$(dir $*))
# environment
LESS_TERMCAP_ue = [0m
# environment
MFLAGS = -pqrR
# default
.SHELLFLAGS := -c
# environment
SOMMELIER_GLAMOR = 1
# environment
WAYLAND_DISPLAY = wayland-0
# automatic
+D = $(patsubst %/,%,$(dir $+))
# environment
XCURSOR_THEME = Adwaita
# makefile (from 'Makefile', line 1)
MAKEFILE_LIST := Makefile
# automatic
@F = $(notdir $@)
# environment
VSCODE_PID = 255
# automatic
?D = $(patsubst %/,%,$(dir $?))
# automatic
*F = $(notdir $*)
# environment
QT_QPA_PLATFORMTHEME = gtk2
# environment
CHROME_DESKTOP = code-url-handler.desktop
# environment
DBUS_SESSION_BUS_ADDRESS = unix:path=/run/user/1000/bus
# automatic
<D = $(patsubst %/,%,$(dir $<))
# environment
VSCODE_NLS_CONFIG = {"locale":"en-us","availableLanguages":{},"_languagePackSupport":true}
# default
MAKE_HOST := aarch64-unknown-linux-gnu
# makefile
SHELL = /bin/sh
# environment
LESS_TERMCAP_us = [01;36m
# default
MAKECMDGOALS := all
# environment
SHLVL = 0
# environment
MAKELEVEL := 0
# default
MAKE = $(MAKE_COMMAND)
# environment
LD_ARGV0_REL = ../bin/garcon
# environment
PATH = /home/dan/.go/bin:/home/dan/.local/bin:/usr/local/bin:/usr/bin:/bin:/usr/local/games:/usr/games:/home/dan/google-cloud-sdk/bin
# environment
LESS_TERMCAP_se = [0m
# default
MAKEFILES := 
# environment
XCURSOR_SIZE_LOW_DENSITY = 21
# automatic
^F = $(notdir $^)
# environment
LESS_TERMCAP_mb = [01;31m
# environment
INVOCATION_ID = d718d992d8c0406c942321e71462a4eb
# environment
XDG_CONFIG_HOME = /home/dan/.config
# environment
SOMMELIER_VERSION = 0.20
# automatic
?F = $(notdir $?)
# environment
XDG_CURRENT_DESKTOP = X-Generic
# automatic
+F = $(notdir $+)
# environment
ORIGINAL_XDG_CURRENT_DESKTOP = X-Generic
# 'override' directive
GNUMAKEFLAGS := 
# environment
BROWSER = /usr/bin/garcon-url-handler
# environment
LOGNAME = dan
# makefile
.DEFAULT_GOAL := all
# environment
SYSTEMD_EXEC_PID = 241
# environment
EDITOR = vim
# environment
DISPLAY = :0
# environment
USER = dan
# default
MAKE_VERSION := 4.3
# environment
MANAGERPID = 131
# environment
NCURSES_NO_UTF8_ACS = 1
# environment
SOMMELIER_DRM_DEVICE = /dev/dri/renderD128
# environment
_ = /usr/share/code/code
# environment
XDG_RUNTIME_DIR = /run/user/1000
# environment
DISPLAY_LOW_DENSITY = :1
# environment
JOURNAL_STREAM = 8:7564
# environment
GOMODCACHE = /home/dan/.go/pkg/mod
# environment
VSCODE_AMD_ENTRYPOINT = vs/workbench/api/node/extensionHostProcess
# environment
HOME = /home/dan
# environment
ELECTRON_RUN_AS_NODE = 1
# environment
VSCODE_IPC_HOOK = /run/user/1000/vscode-eb6c7fb2-1.69.2-main.sock
# environment
XCURSOR_SIZE = 43
# environment
GOPROXY = https://proxy.golang.org,direct
# default
.RECIPEPREFIX := 
# automatic
<F = $(notdir $<)
# default
SUFFIXES := 
# environment
QT_AUTO_SCREEN_SCALE_FACTOR = 1
# environment
CLOUDSDK_METRICS_ENVIRONMENT = cloudcode.vscode
# default
.FEATURES := target-specific order-only second-expansion else-if shortest-stem undefine oneshell nocomment grouped-target extra-prereqs archives jobserver output-sync check-symlink load
# variable set hash-table stats:
# Load=96/1024=9%, Rehash=0, Collisions=9/129=7%

# Pattern-specific Variable Values

# No pattern-specific variable values.

# Directories

# . (device 51, inode 254767): 9 files, no impossibilities.

# 9 files, no impossibilities in 1 directories.

# Implicit Rules

# No implicit rules.

# Files

deploy:
#  Phony target (prerequisite of .PHONY).
#  Implicit rule search has not been done.
#  File does not exist.
#  File has not been updated.
#  recipe to execute (from 'Makefile', line 5):
	make -C infrastructure init apply

# Not a target:
Makefile:
#  Implicit rule search has been done.
#  Last modified 2022-08-02 21:53:15
#  File has been updated.
#  Successfully updated.

proxy:
#  Phony target (prerequisite of .PHONY).
#  Implicit rule search has not been done.
#  File does not exist.
#  File has not been updated.
#  recipe to execute (from 'Makefile', line 14):
	make -C services/proxy build

services: static machine
#  Phony target (prerequisite of .PHONY).
#  Implicit rule search has not been done.
#  File does not exist.
#  File has not been updated.

static:
#  Phony target (prerequisite of .PHONY).
#  Implicit rule search has not been done.
#  File does not exist.
#  File has not been updated.
#  recipe to execute (from 'Makefile', line 20):
	make -C services/static build

# Not a target:
.DEFAULT:
#  Implicit rule search has not been done.
#  Modification time never checked.
#  File has not been updated.

all:
#  Command line target.
#  Implicit rule search has not been done.
#  Implicit/static pattern stem: ''
#  File does not exist.
#  File has been updated.
#  Needs to be updated (-q is set).
# automatic
# @ := all
# automatic
# * := 
# automatic
# < := 
# automatic
# + := 
# automatic
# % := 
# automatic
# ^ := 
# automatic
# ? := 
# automatic
# | := 
# variable set hash-table stats:
 
# Load=8/32=25%, Rehash=0, Collisions=1/11=9%
#  recipe to execute (from 'Makefile', line 2):
	top things proxy

top:
#  Phony target (prerequisite of .PHONY).
#  Implicit rule search has not been done.
#  File does not exist.
#  File has not been updated.
#  recipe to execute (from 'Makefile', line 11):
	make -C services/top compile build clean

destroy:
#  Phony target (prerequisite of .PHONY).
#  Implicit rule search has not been done.
#  File does not exist.
#  File has not been updated.
#  recipe to execute (from 'Makefile', line 8):
	make -C infrastructure destroy

machine:
#  Phony target (prerequisite of .PHONY).
#  Implicit rule search has not been done.
#  File does not exist.
#  File has not been updated.
#  recipe to execute (from 'Makefile', line 17):
	make -C services/machine build

# Not a target:
.SUFFIXES:
#  Implicit rule search has not been done.
#  Modification time never checked.
#  File has not been updated.

.PHONY: static deploy destroy top proxy services machine static
#  Implicit rule search has not been done.
#  Modification time never checked.
#  File has not been updated.

# files hash-table stats:
# Load=12/1024=1%, Rehash=0, Collisions=0/34=0%
# VPATH Search Paths

# No 'vpath' search paths.

# No general ('VPATH' variable) search path.

# strcache buffers: 1 (0) / strings = 21 / storage = 174 B / avg = 8 B
# current buf: size = 8162 B / used = 174 B / count = 21 / avg = 8 B

# strcache performance: lookups = 47 / hit rate = 55%
# hash-table stats:
# Load=21/8192=0%, Rehash=0, Collisions=0/47=0%
# Finished Make data base on Fri Aug  5 11:07:38 2022

 
